d:\辣鸡项目\gamemfc\gamemfc\debug\gamemfc.pch
d:\辣鸡项目\gamemfc\gamemfc\debug\vc140.pdb
d:\辣鸡项目\gamemfc\gamemfc\debug\vc140.idb
d:\辣鸡项目\gamemfc\gamemfc\debug\stdafx.obj
d:\辣鸡项目\gamemfc\gamemfc\debug\childview.obj
d:\辣鸡项目\gamemfc\gamemfc\debug\gamemfc.obj
d:\辣鸡项目\gamemfc\gamemfc\debug\mainfrm.obj
d:\辣鸡项目\gamemfc\gamemfc\debug\platform.obj
d:\辣鸡项目\gamemfc\gamemfc\debug\gem.obj
d:\辣鸡项目\gamemfc\debug\gamemfc.ilk
d:\辣鸡项目\gamemfc\debug\gamemfc.exe
d:\辣鸡项目\gamemfc\debug\gamemfc.pdb
d:\辣鸡项目\gamemfc\gamemfc\debug\gamemfc.res
d:\辣鸡项目\gamemfc\gamemfc\debug\gamemfc.tlog\cl.command.1.tlog
d:\辣鸡项目\gamemfc\gamemfc\debug\gamemfc.tlog\cl.read.1.tlog
d:\辣鸡项目\gamemfc\gamemfc\debug\gamemfc.tlog\cl.write.1.tlog
d:\辣鸡项目\gamemfc\gamemfc\debug\gamemfc.tlog\link.command.1.tlog
d:\辣鸡项目\gamemfc\gamemfc\debug\gamemfc.tlog\link.read.1.tlog
d:\辣鸡项目\gamemfc\gamemfc\debug\gamemfc.tlog\link.write.1.tlog
d:\辣鸡项目\gamemfc\gamemfc\debug\gamemfc.tlog\rc.command.1.tlog
d:\辣鸡项目\gamemfc\gamemfc\debug\gamemfc.tlog\rc.read.1.tlog
d:\辣鸡项目\gamemfc\gamemfc\debug\gamemfc.tlog\rc.write.1.tlog
